<?xml version="1.0" encoding="UTF-8"?>
<testsuite name="com.panamby.vertx.vertx_starter.TestMainVerticle" tests="1" skipped="0" failures="0" errors="0" timestamp="2022-10-31T17:39:49" hostname="DESKTOP-M0HRG09" time="0.311">
  <properties/>
  <testcase name="verticle_deployed(Vertx, VertxTestContext)" classname="com.panamby.vertx.vertx_starter.TestMainVerticle" time="0.311"/>
  <system-out><![CDATA[HTTP server started on port 8888
]]></system-out>
  <system-err><![CDATA[]]></system-err>
</testsuite>
